<?xml version="1.0" encoding="UTF-8"?>
<!-- Generated by org.testng.reporters.JUnitXMLReporter -->
<testsuite hostname="MacBook-Pro.local" ignored="1" name="Default test" tests="3" failures="0" timestamp="16 Oct 2020 23:38:38 GMT" time="10.479" errors="0">
  <testcase name="verifyLoginPageTitle" time="0.024" classname="com.qa.orangehrm.test.LoginPageTest"/>
  <testcase name="verifyForgetPassLink" time="0.052" classname="com.qa.orangehrm.test.LoginPageTest"/>
  <testcase name="loginTest" time="1.69" classname="com.qa.orangehrm.test.LoginPageTest"/>
  <testcase name="login_InvalidTestCase" time="0.0" classname="com.qa.orangehrm.test.LoginPageTest">
    <ignored/>
  </testcase> <!-- login_InvalidTestCase -->
</testsuite> <!-- Default test -->
