<?xml version="1.0" encoding="UTF-8"?>
<!-- Generated by org.testng.reporters.JUnitXMLReporter -->
<testsuite hostname="MacBook-Pro.local" ignored="7" name="Orange HRM Smoke Tests" tests="1" failures="0" timestamp="08 Oct 2020 17:44:41 GMT" time="5.217" errors="0">
  <testcase name="loginTest" time="1.937" classname="com.qa.orangehrm.test.LoginPageTest"/>
  <testcase name="verifyHomePageHeader" time="0.0" classname="com.qa.orangehrm.test.HomePageTest">
    <ignored/>
  </testcase> <!-- verifyHomePageHeader -->
  <testcase name="verifyHomePageTitle" time="0.0" classname="com.qa.orangehrm.test.HomePageTest">
    <ignored/>
  </testcase> <!-- verifyHomePageTitle -->
  <testcase name="lgin_InvalidTestCase" time="0.0" classname="com.qa.orangehrm.test.LoginPageTest">
    <ignored/>
  </testcase> <!-- lgin_InvalidTestCase -->
  <testcase name="verifyLoggedInUserAccount" time="0.0" classname="com.qa.orangehrm.test.HomePageTest">
    <ignored/>
  </testcase> <!-- verifyLoggedInUserAccount -->
  <testcase name="verifyLoginPageTitle" time="0.0" classname="com.qa.orangehrm.test.LoginPageTest">
    <ignored/>
  </testcase> <!-- verifyLoginPageTitle -->
  <testcase name="verifyForgetPassLink" time="0.0" classname="com.qa.orangehrm.test.LoginPageTest">
    <ignored/>
  </testcase> <!-- verifyForgetPassLink -->
  <testcase name="verifyAuthentication" time="0.0" classname="com.qa.orangehrm.test.HomePageTest">
    <ignored/>
  </testcase> <!-- verifyAuthentication -->
</testsuite> <!-- Orange HRM Smoke Tests -->
