<?xml version="1.0" encoding="UTF-8"?>
<!-- Generated by org.testng.reporters.JUnitXMLReporter -->
<testsuite hostname="MacBook-Pro.local" ignored="1" name="Command line test" tests="2" failures="0" timestamp="14 Oct 2020 02:05:19 GMT" time="9.261" errors="0">
  <testcase name="verifyHomePageTitle" time="0.01" classname="com.qa.orangehrm.test.HomePageTest"/>
  <testcase name="verifyLoginPageTitle" time="0.004" classname="com.qa.orangehrm.test.LoginPageTest"/>
  <testcase name="lgin_InvalidTestCase" time="0.0" classname="com.qa.orangehrm.test.LoginPageTest">
    <ignored/>
  </testcase> <!-- lgin_InvalidTestCase -->
</testsuite> <!-- Command line test -->
