<?xml version="1.0" encoding="UTF-8"?>
<!-- Generated by org.testng.reporters.JUnitXMLReporter -->
<testsuite hostname="MacBook-Pro.local" ignored="1" name="Orange HRM Regression Test -- firefox" tests="7" failures="0" timestamp="17 Oct 2020 00:19:48 GMT" time="25.989" errors="0">
  <testcase name="verifyHomePageTitle" time="0.039" classname="com.qa.orangehrm.test.HomePageTest"/>
  <testcase name="verifyLoginPageTitle" time="0.021" classname="com.qa.orangehrm.test.LoginPageTest"/>
  <testcase name="verifyHomePageHeader" time="0.034" classname="com.qa.orangehrm.test.HomePageTest"/>
  <testcase name="verifyForgetPassLink" time="0.046" classname="com.qa.orangehrm.test.LoginPageTest"/>
  <testcase name="verifyLoggedInUserAccount" time="0.034" classname="com.qa.orangehrm.test.HomePageTest"/>
  <testcase name="loginTest" time="1.3" classname="com.qa.orangehrm.test.LoginPageTest"/>
  <testcase name="verifyAuthentication" time="0.009" classname="com.qa.orangehrm.test.HomePageTest"/>
  <testcase name="login_InvalidTestCase" time="0.0" classname="com.qa.orangehrm.test.LoginPageTest">
    <ignored/>
  </testcase> <!-- login_InvalidTestCase -->
</testsuite> <!-- Orange HRM Regression Test - firefox -->
