<?xml version="1.0" encoding="UTF-8"?>
<!-- Generated by org.testng.reporters.JUnitXMLReporter -->
<testsuite hostname="MacBook-Pro.local" ignored="1" name="Orange HRM Regression Tests" tests="3" failures="1" timestamp="17 Oct 2020 00:00:32 GMT" time="49.218" errors="0">
  <testcase name="verifyLoginPageTitle" time="0.03" classname="com.qa.orangehrm.test.LoginPageTest"/>
  <testcase name="verifyForgetPassLink" time="0.075" classname="com.qa.orangehrm.test.LoginPageTest"/>
  <testcase name="loginTest" time="40.279" classname="com.qa.orangehrm.test.LoginPageTest">
    <failure type="java.lang.NullPointerException">
      <![CDATA[java.lang.NullPointerException
at com.qa.orangehrm.test.LoginPageTest.loginTest(LoginPageTest.java:71)
... Removed 25 stack frames]]>
    </failure>
  </testcase> <!-- loginTest -->
  <testcase name="login_InvalidTestCase" time="0.0" classname="com.qa.orangehrm.test.LoginPageTest">
    <ignored/>
  </testcase> <!-- login_InvalidTestCase -->
</testsuite> <!-- Orange HRM Regression Tests -->
