<?xml version="1.0" encoding="UTF-8"?>
<testng-results skipped="0" failed="0" ignored="1" total="3" passed="2">
  <reporter-output>
  </reporter-output>
  <suite name="Command line suite" duration-ms="9261" started-at="2020-10-14T02:05:10Z" finished-at="2020-10-14T02:05:19Z">
    <groups>
    </groups>
    <test name="Command line test" duration-ms="9261" started-at="2020-10-14T02:05:10Z" finished-at="2020-10-14T02:05:19Z">
      <class name="com.qa.orangehrm.test.LoginPageTest">
        <test-method status="PASS" signature="setUp()[pri:0, instance:com.qa.orangehrm.test.LoginPageTest@668bc3d5]" name="setUp" is-config="true" duration-ms="2363" started-at="2020-10-14T02:05:17Z" finished-at="2020-10-14T02:05:19Z">
          <reporter-output>
          </reporter-output>
        </test-method> <!-- setUp -->
        <test-method status="PASS" signature="verifyLoginPageTitle()[pri:1, instance:com.qa.orangehrm.test.LoginPageTest@668bc3d5]" name="verifyLoginPageTitle" duration-ms="4" started-at="2020-10-14T02:05:19Z" description="verify page title method" finished-at="2020-10-14T02:05:19Z">
          <reporter-output>
          </reporter-output>
        </test-method> <!-- verifyLoginPageTitle -->
        <test-method status="PASS" signature="tearDown()[pri:0, instance:com.qa.orangehrm.test.LoginPageTest@668bc3d5]" name="tearDown" is-config="true" duration-ms="73" started-at="2020-10-14T02:05:19Z" finished-at="2020-10-14T02:05:19Z">
          <reporter-output>
          </reporter-output>
        </test-method> <!-- tearDown -->
      </class> <!-- com.qa.orangehrm.test.LoginPageTest -->
      <class name="com.qa.orangehrm.test.HomePageTest">
        <test-method status="PASS" signature="setUp()[pri:0, instance:com.qa.orangehrm.test.HomePageTest@380fb434]" name="setUp" is-config="true" duration-ms="6703" started-at="2020-10-14T02:05:10Z" finished-at="2020-10-14T02:05:17Z">
          <reporter-output>
          </reporter-output>
        </test-method> <!-- setUp -->
        <test-method status="PASS" signature="verifyHomePageTitle()[pri:1, instance:com.qa.orangehrm.test.HomePageTest@380fb434]" name="verifyHomePageTitle" duration-ms="10" started-at="2020-10-14T02:05:17Z" description="verify home page title" finished-at="2020-10-14T02:05:17Z">
          <reporter-output>
          </reporter-output>
        </test-method> <!-- verifyHomePageTitle -->
        <test-method status="PASS" signature="tearDown()[pri:0, instance:com.qa.orangehrm.test.HomePageTest@380fb434]" name="tearDown" is-config="true" duration-ms="81" started-at="2020-10-14T02:05:17Z" finished-at="2020-10-14T02:05:17Z">
          <reporter-output>
          </reporter-output>
        </test-method> <!-- tearDown -->
      </class> <!-- com.qa.orangehrm.test.HomePageTest -->
    </test> <!-- Command line test -->
  </suite> <!-- Command line suite -->
</testng-results>
