<?xml version="1.0" encoding="UTF-8"?>
<!-- Generated by org.testng.reporters.JUnitXMLReporter -->
<testsuite hostname="MacBook-Pro.local" ignored="6" name="Orange HRM Sanity Tests" tests="2" failures="0" timestamp="08 Oct 2020 17:46:49 GMT" time="10.91" errors="0">
  <testcase name="loginTest" time="2.207" classname="com.qa.orangehrm.test.LoginPageTest"/>
  <testcase name="verifyLoggedInUserAccount" time="0.022" classname="com.qa.orangehrm.test.HomePageTest"/>
  <testcase name="verifyHomePageHeader" time="0.0" classname="com.qa.orangehrm.test.HomePageTest">
    <ignored/>
  </testcase> <!-- verifyHomePageHeader -->
  <testcase name="verifyHomePageTitle" time="0.0" classname="com.qa.orangehrm.test.HomePageTest">
    <ignored/>
  </testcase> <!-- verifyHomePageTitle -->
  <testcase name="lgin_InvalidTestCase" time="0.0" classname="com.qa.orangehrm.test.LoginPageTest">
    <ignored/>
  </testcase> <!-- lgin_InvalidTestCase -->
  <testcase name="verifyLoginPageTitle" time="0.0" classname="com.qa.orangehrm.test.LoginPageTest">
    <ignored/>
  </testcase> <!-- verifyLoginPageTitle -->
  <testcase name="verifyForgetPassLink" time="0.0" classname="com.qa.orangehrm.test.LoginPageTest">
    <ignored/>
  </testcase> <!-- verifyForgetPassLink -->
  <testcase name="verifyAuthentication" time="0.0" classname="com.qa.orangehrm.test.HomePageTest">
    <ignored/>
  </testcase> <!-- verifyAuthentication -->
</testsuite> <!-- Orange HRM Sanity Tests -->
